<?xml version="1.0" encoding="UTF-8"?>
<testsuite xmlns:xsi="http://www.w3.org/2001/XMLSchema-instance" xsi:noNamespaceSchemaLocation="https://maven.apache.org/surefire/maven-surefire-plugin/xsd/surefire-test-report.xsd" name="HandMatcherUtilTest" time="0.11" tests="9" errors="0" skipped="0" failures="0">
  <properties>
[...]
</properties>
  <testcase name="testStraight" classname="HandMatcherUtilTest" time="0.062"/>
  <testcase name="testOnePair" classname="HandMatcherUtilTest" time="0"/>
  <testcase name="testTwoPair" classname="HandMatcherUtilTest" time="0"/>
  <testcase name="testFlush" classname="HandMatcherUtilTest" time="0.004"/>
  <testcase name="testFullHouse" classname="HandMatcherUtilTest" time="0"/>
  <testcase name="testHighCard" classname="HandMatcherUtilTest" time="0"/>
  <testcase name="testStraightFlush" classname="HandMatcherUtilTest" time="0"/>
  <testcase name="testFourOfAKind" classname="HandMatcherUtilTest" time="0"/>
  <testcase name="testThreeOfAKind" classname="HandMatcherUtilTest" time="0"/>
</testsuite>